android_src/app/build/outputs/logs/manifest-merger-debug-report.txt
-- Merging decision tree log ---
manifest
ADDED from src\main\AndroidManifest.xml:2:1-80:12
	package
		ADDED from src\main\AndroidManifest.xml:4:5-49
		INJECTED from src\main\AndroidManifest.xml
		INJECTED from src\main\AndroidManifest.xml
	android:versionName
		INJECTED from src\main\AndroidManifest.xml
		INJECTED from src\main\AndroidManifest.xml
	xmlns:tools
		ADDED from src\main\AndroidManifest.xml:3:5-51
	xmlns:android
		ADDED from src\main\AndroidManifest.xml:2:11-69
	android:versionCode
		INJECTED from src\main\AndroidManifest.xml
		INJECTED from src\main\AndroidManifest.xml
uses-permission#android.permission.GET_ACCOUNTS
ADDED from src\main\AndroidManifest.xml:7:5-71
	android:name
		ADDED from src\main\AndroidManifest.xml:7:22-68
uses-permission#android.permission.READ_PROFILE
ADDED from src\main\AndroidManifest.xml:8:5-71
	android:name
		ADDED from src\main\AndroidManifest.xml:8:22-68
uses-permission#android.permission.READ_CONTACTS
ADDED from src\main\AndroidManifest.xml:9:5-72
	android:name
		ADDED from src\main\AndroidManifest.xml:9:22-69
uses-permission#android.permission.ACCESS_FINE_LOCATION
ADDED from src\main\AndroidManifest.xml:16:5-79
	android:name
		ADDED from src\main\AndroidManifest.xml:16:22-76
uses-permission#android.permission.INTERNET
ADDED from src\main\AndroidManifest.xml:18:5-66
MERGED from [com.google.android.gms:play-services-maps:10.0.1] AndroidManifest.xml:20:5-66
MERGED from [com.google.firebase:firebase-analytics:10.0.1] AndroidManifest.xml:20:5-66
MERGED from [com.google.firebase:firebase-analytics-impl:10.0.1] AndroidManifest.xml:20:5-66
MERGED from [com.google.firebase:firebase-iid:10.0.1] AndroidManifest.xml:20:5-66
MERGED from [com.firebaseui:firebase-ui:0.4.4] AndroidManifest.xml:11:5-67
MERGED from [com.firebaseui:firebase-ui-database:0.4.4] AndroidManifest.xml:11:5-67
	android:name
		ADDED from src\main\AndroidManifest.xml:18:22-64
uses-permission#android.permission.ACCESS_NETWORK_STATE
ADDED from src\main\AndroidManifest.xml:19:5-78
MERGED from [com.google.android.gms:play-services-maps:10.0.1] AndroidManifest.xml:19:5-78
MERGED from [com.google.firebase:firebase-analytics:10.0.1] AndroidManifest.xml:21:5-78
MERGED from [com.google.firebase:firebase-analytics-impl:10.0.1] AndroidManifest.xml:21:5-78
MERGED from [com.google.firebase:firebase-iid:10.0.1] AndroidManifest.xml:19:5-78
	android:name
		ADDED from src\main\AndroidManifest.xml:19:22-76
uses-permission#android.permission.WRITE_EXTERNAL_STORAGE
ADDED from src\main\AndroidManifest.xml:20:5-80
	android:name
		ADDED from src\main\AndroidManifest.xml:20:22-78
uses-permission#com.google.android.providers.gsf.permission.READ_GSERVICES
ADDED from src\main\AndroidManifest.xml:21:5-97
	android:name
		ADDED from src\main\AndroidManifest.xml:21:22-95
uses-permission#android.permission.ACCESS_COARSE_LOCATION
ADDED from src\main\AndroidManifest.xml:22:5-80
	android:name
		ADDED from src\main\AndroidManifest.xml:22:22-78
uses-permission#com.project.umbcmobile.umbc_mobile.permission.MAPS_RECEIVE
ADDED from src\main\AndroidManifest.xml:25:5-97
	android:name
		ADDED from src\main\AndroidManifest.xml:25:22-95
application
ADDED from src\main\AndroidManifest.xml:26:5-78:19
MERGED from [de.hdodenhof:circleimageview:1.2.1] AndroidManifest.xml:9:5-20
MERGED from [com.google.android.gms:play-services-location:10.0.1] AndroidManifest.xml:4:5-19
MERGED from [com.google.android.gms:play-services-places:10.0.1] AndroidManifest.xml:18:5-19
MERGED from [com.google.android.gms:play-services-maps:10.0.1] AndroidManifest.xml:24:5-19
MERGED from [com.android.support:mediarouter-v7:25.3.1] AndroidManifest.xml:26:5-20
MERGED from [com.android.support:palette-v7:25.3.1] AndroidManifest.xml:26:5-20
MERGED from [com.google.firebase:firebase-core:10.0.1] AndroidManifest.xml:5:5-20
MERGED from [com.google.firebase:firebase-analytics:10.0.1] AndroidManifest.xml:24:5-33:19
MERGED from [com.google.firebase:firebase-analytics-impl:10.0.1] AndroidManifest.xml:24:5-28:19
MERGED from [com.google.firebase:firebase-iid:10.0.1] AndroidManifest.xml:28:5-50:19
MERGED from [com.firebaseui:firebase-ui-auth:0.4.4] AndroidManifest.xml:11:5-69:19
MERGED from [com.facebook.android:facebook-android-sdk:4.11.0] AndroidManifest.xml:28:5-20
MERGED from [com.android.support:cardview-v7:25.3.1] AndroidManifest.xml:26:5-20
MERGED from [com.android.support:design:25.3.1] AndroidManifest.xml:29:5-20
MERGED from [com.android.support:appcompat-v7:25.3.1] AndroidManifest.xml:29:5-20
MERGED from [com.android.support:animated-vector-drawable:25.3.1] AndroidManifest.xml:26:5-20
MERGED from [com.android.support:support-vector-drawable:25.3.1] AndroidManifest.xml:26:5-20
MERGED from [com.android.support:transition:25.3.1] AndroidManifest.xml:26:5-20
MERGED from [com.google.firebase:firebase-auth:10.0.1] AndroidManifest.xml:19:5-20:19
MERGED from [com.google.android.gms:play-services-auth:10.0.1] AndroidManifest.xml:19:5-25:19
MERGED from [com.google.android.gms:play-services-base:10.0.1] AndroidManifest.xml:18:5-20:19
MERGED from [com.android.support:customtabs:25.3.1] AndroidManifest.xml:26:5-20
MERGED from [com.android.support.constraint:constraint-layout:1.0.2] AndroidManifest.xml:9:5-20
MERGED from [com.google.firebase:firebase-common:10.0.1] AndroidManifest.xml:4:5-7:19
MERGED from [com.google.android.gms:play-services-tasks:10.0.1] AndroidManifest.xml:4:5-19
MERGED from [com.google.android.gms:play-services-basement:10.0.1] AndroidManifest.xml:19:5-21:19
MERGED from [com.android.support:support-v4:25.3.1] AndroidManifest.xml:29:5-20
MERGED from [com.android.support:support-fragment:25.3.1] AndroidManifest.xml:29:5-20
MERGED from [com.android.support:support-media-compat:25.3.1] AndroidManifest.xml:29:5-20
MERGED from [com.android.support:support-core-ui:25.3.1] AndroidManifest.xml:29:5-20
MERGED from [com.android.support:support-core-utils:25.3.1] AndroidManifest.xml:29:5-20
MERGED from [com.android.support:support-compat:25.3.1] AndroidManifest.xml:29:5-20
MERGED from [com.felipecsl:gifimageview:2.1.0] AndroidManifest.xml:10:5-20
	android:label
		ADDED from src\main\AndroidManifest.xml:29:9-41
	android:supportsRtl
		ADDED from src\main\AndroidManifest.xml:31:9-35
	android:roundIcon
		ADDED from src\main\AndroidManifest.xml:30:9-54
	android:allowBackup
		ADDED from src\main\AndroidManifest.xml:27:9-35
	android:icon
		ADDED from src\main\AndroidManifest.xml:28:9-46
	android:theme
		ADDED from src\main\AndroidManifest.xml:32:9-40
activity#com.project.umbcmobile.umbc_mobile.LoginActivity
ADDED from src\main\AndroidManifest.xml:33:9-51
	android:name
		ADDED from src\main\AndroidManifest.xml:33:19-48
meta-data#com.google.android.geo.API_KEY
ADDED from src\main\AndroidManifest.xml:42:9-44:55
	android:value
		ADDED from src\main\AndroidManifest.xml:44:13-52
	android:name
		ADDED from src\main\AndroidManifest.xml:43:13-58
activity#com.project.umbcmobile.umbc_mobile.MapsActivity
ADDED from src\main\AndroidManifest.xml:46:9-48:59
	android:label
		ADDED from src\main\AndroidManifest.xml:48:13-56
	android:name
		ADDED from src\main\AndroidManifest.xml:47:13-41
activity#com.project.umbcmobile.umbc_mobile.UploadPhotoActivity
ADDED from src\main\AndroidManifest.xml:49:9-57
	android:name
		ADDED from src\main\AndroidManifest.xml:49:19-54
activity#com.project.umbcmobile.umbc_mobile.ShowPhotosActivity
ADDED from src\main\AndroidManifest.xml:50:9-56
	android:name
		ADDED from src\main\AndroidManifest.xml:50:19-53
activity#com.project.umbcmobile.umbc_mobile.MainActivity
ADDED from src\main\AndroidManifest.xml:51:9-50
	android:name
		ADDED from src\main\AndroidManifest.xml:51:19-47
activity#com.project.umbcmobile.umbc_mobile.SplashScreen
ADDED from src\main\AndroidManifest.xml:52:9-60:20
	android:theme
		ADDED from src\main\AndroidManifest.xml:54:13-56
	android:name
		ADDED from src\main\AndroidManifest.xml:53:13-41
intent-filter#android.intent.action.MAIN+android.intent.category.LAUNCHER
ADDED from src\main\AndroidManifest.xml:55:13-59:29
action#android.intent.action.MAIN
ADDED from src\main\AndroidManifest.xml:56:17-69
	android:name
		ADDED from src\main\AndroidManifest.xml:56:25-66
category#android.intent.category.LAUNCHER
ADDED from src\main\AndroidManifest.xml:58:17-77
	android:name
		ADDED from src\main\AndroidManifest.xml:58:27-74
activity#com.project.umbcmobile.umbc_mobile.MapsActivity1
ADDED from src\main\AndroidManifest.xml:61:9-64:58
	android:label
		ADDED from src\main\AndroidManifest.xml:63:13-57
	android:theme
		ADDED from src\main\AndroidManifest.xml:64:13-56
	android:name
		ADDED from src\main\AndroidManifest.xml:62:13-42
activity#com.project.umbcmobile.umbc_mobile.LoginActivity1
ADDED from src\main\AndroidManifest.xml:65:9-52
	android:name
		ADDED from src\main\AndroidManifest.xml:65:19-49
activity#com.project.umbcmobile.umbc_mobile.UploadPhotoActivity1
ADDED from src\main\AndroidManifest.xml:66:9-67
	android:name
		ADDED from src\main\AndroidManifest.xml:66:19-55
meta-data#com.google.android.gms.version
ADDED from src\main\AndroidManifest.xml:70:9-73:44
MERGED from [com.google.android.gms:play-services-basement:10.0.1] AndroidManifest.xml:20:9-121
	android:value
		ADDED from src\main\AndroidManifest.xml:72:13-66
		REJECTED from [com.google.android.gms:play-services-basement:10.0.1] AndroidManifest.xml:20:66-119
	tools:replace
		ADDED from src\main\AndroidManifest.xml:73:13-42
	android:name
		ADDED from src\main\AndroidManifest.xml:71:13-58
uses-feature#0x00020000
ADDED from src\main\AndroidManifest.xml:74:9-76:39
	android:glEsVersion
		ADDED from src\main\AndroidManifest.xml:75:13-45
	android:required
		ADDED from src\main\AndroidManifest.xml:76:13-36
uses-sdk
INJECTED from src\main\AndroidManifest.xml reason: use-sdk injection requested
MERGED from [de.hdodenhof:circleimageview:1.2.1] AndroidManifest.xml:5:5-7:41
MERGED from [com.google.android.gms:play-services-location:10.0.1] AndroidManifest.xml:3:5-42
MERGED from [com.google.android.gms:play-services-places:10.0.1] AndroidManifest.xml:17:5-42
MERGED from [com.google.android.gms:play-services-maps:10.0.1] AndroidManifest.xml:23:5-42
MERGED from [com.android.support:mediarouter-v7:25.3.1] AndroidManifest.xml:20:5-43
MERGED from [com.android.support:palette-v7:25.3.1] AndroidManifest.xml:20:5-43
MERGED from [com.google.firebase:firebase-core:10.0.1] AndroidManifest.xml:4:5-42
MERGED from [com.google.firebase:firebase-analytics:10.0.1] AndroidManifest.xml:17:5-42
MERGED from [com.google.firebase:firebase-analytics-impl:10.0.1] AndroidManifest.xml:17:5-42
MERGED from [com.google.firebase:firebase-iid:10.0.1] AndroidManifest.xml:17:5-42
MERGED from [com.firebaseui:firebase-ui:0.4.4] AndroidManifest.xml:7:5-9:41
MERGED from [com.firebaseui:firebase-ui-database:0.4.4] AndroidManifest.xml:7:5-9:41
MERGED from [com.google.firebase:firebase-database:10.0.1] AndroidManifest.xml:3:5-42
MERGED from [com.google.firebase:firebase-database-connection:10.0.1] AndroidManifest.xml:3:5-42
MERGED from [com.firebaseui:firebase-ui-auth:0.4.4] AndroidManifest.xml:7:5-9:41
MERGED from [com.facebook.android:facebook-android-sdk:4.11.0] AndroidManifest.xml:24:5-26:41
MERGED from [com.android.support:cardview-v7:25.3.1] AndroidManifest.xml:20:5-43
MERGED from [com.android.support:design:25.3.1] AndroidManifest.xml:21:5-23:62
MERGED from [com.android.support:appcompat-v7:25.3.1] AndroidManifest.xml:21:5-23:78
MERGED from [com.android.support:animated-vector-drawable:25.3.1] AndroidManifest.xml:20:5-44
MERGED from [com.android.support:support-vector-drawable:25.3.1] AndroidManifest.xml:20:5-43
MERGED from [com.android.support:recyclerview-v7:25.3.1] AndroidManifest.xml:20:5-43
MERGED from [com.android.support:transition:25.3.1] AndroidManifest.xml:20:5-44
MERGED from [com.google.firebase:firebase-auth:10.0.1] AndroidManifest.xml:17:5-42
MERGED from [com.google.android.gms:play-services-auth:10.0.1] AndroidManifest.xml:17:5-42
MERGED from [com.google.android.gms:play-services-auth-base:10.0.1] AndroidManifest.xml:4:5-42
MERGED from [com.google.android.gms:play-services-base:10.0.1] AndroidManifest.xml:17:5-42
MERGED from [com.android.support:customtabs:25.3.1] AndroidManifest.xml:20:5-44
MERGED from [com.android.support.constraint:constraint-layout:1.0.2] AndroidManifest.xml:5:5-7:41
MERGED from [com.google.firebase:firebase-storage:10.0.1] AndroidManifest.xml:3:5-42
MERGED from [com.google.firebase:firebase-storage-common:10.0.1] AndroidManifest.xml:3:5-42
MERGED from [com.google.firebase:firebase-common:10.0.1] AndroidManifest.xml:3:5-42
MERGED from [com.google.android.gms:play-services-tasks:10.0.1] AndroidManifest.xml:3:5-42
MERGED from [com.google.android.gms:play-services-basement:10.0.1] AndroidManifest.xml:17:5-42
MERGED from [com.android.support:support-v4:25.3.1] AndroidManifest.xml:21:5-23:54
MERGED from [com.android.support:support-fragment:25.3.1] AndroidManifest.xml:21:5-23:60
MERGED from [com.android.support:support-media-compat:25.3.1] AndroidManifest.xml:21:5-23:63
MERGED from [com.android.support:support-core-ui:25.3.1] AndroidManifest.xml:21:5-23:58
MERGED from [com.android.support:support-core-utils:25.3.1] AndroidManifest.xml:21:5-23:61
MERGED from [com.android.support:support-compat:25.3.1] AndroidManifest.xml:21:5-23:58
MERGED from [com.felipecsl:gifimageview:2.1.0] AndroidManifest.xml:8:5-43
	tools:overrideLibrary
		ADDED from [com.android.support:design:25.3.1] AndroidManifest.xml:23:9-59
	android:targetSdkVersion
		INJECTED from src\main\AndroidManifest.xml
		INJECTED from src\main\AndroidManifest.xml
	android:minSdkVersion
		INJECTED from src\main\AndroidManifest.xml
		INJECTED from src\main\AndroidManifest.xml
meta-data#android.support.VERSION
ADDED from [com.android.support:mediarouter-v7:25.3.1] AndroidManifest.xml:22:5-24:34
MERGED from [com.android.support:palette-v7:25.3.1] AndroidManifest.xml:22:5-24:34
MERGED from [com.android.support:cardview-v7:25.3.1] AndroidManifest.xml:22:5-24:34
MERGED from [com.android.support:design:25.3.1] AndroidManifest.xml:25:5-27:34
MERGED from [com.android.support:appcompat-v7:25.3.1] AndroidManifest.xml:25:5-27:34
MERGED from [com.android.support:animated-vector-drawable:25.3.1] AndroidManifest.xml:22:5-24:34
MERGED from [com.android.support:support-vector-drawable:25.3.1] AndroidManifest.xml:22:5-24:34
MERGED from [com.android.support:recyclerview-v7:25.3.1] AndroidManifest.xml:22:5-24:34
MERGED from [com.android.support:transition:25.3.1] AndroidManifest.xml:22:5-24:34
MERGED from [com.android.support:customtabs:25.3.1] AndroidManifest.xml:22:5-24:34
MERGED from [com.android.support:support-v4:25.3.1] AndroidManifest.xml:25:5-27:34
MERGED from [com.android.support:support-fragment:25.3.1] AndroidManifest.xml:25:5-27:34
MERGED from [com.android.support:support-media-compat:25.3.1] AndroidManifest.xml:25:5-27:34
MERGED from [com.android.support:support-core-ui:25.3.1] AndroidManifest.xml:25:5-27:34
MERGED from [com.android.support:support-core-utils:25.3.1] AndroidManifest.xml:25:5-27:34
MERGED from [com.android.support:support-compat:25.3.1] AndroidManifest.xml:25:5-27:34
	android:value
		ADDED from [com.android.support:mediarouter-v7:25.3.1] AndroidManifest.xml:24:9-31
	android:name
		ADDED from [com.android.support:mediarouter-v7:25.3.1] AndroidManifest.xml:23:9-47
uses-permission#android.permission.WAKE_LOCK
ADDED from [com.google.firebase:firebase-analytics:10.0.1] AndroidManifest.xml:22:5-67
MERGED from [com.google.firebase:firebase-analytics-impl:10.0.1] AndroidManifest.xml:22:5-67
MERGED from [com.google.firebase:firebase-iid:10.0.1] AndroidManifest.xml:21:5-67
	android:name
		ADDED from [com.google.firebase:firebase-analytics:10.0.1] AndroidManifest.xml:22:22-65
receiver#com.google.android.gms.measurement.AppMeasurementReceiver
ADDED from [com.google.firebase:firebase-analytics:10.0.1] AndroidManifest.xml:25:7-26:18
MERGED from [com.google.firebase:firebase-analytics-impl:10.0.1] AndroidManifest.xml:25:7-26:18
	android:enabled
		ADDED from [com.google.firebase:firebase-analytics:10.0.1] AndroidManifest.xml:25:90-112
	android:exported
		ADDED from [com.google.firebase:firebase-analytics:10.0.1] AndroidManifest.xml:25:113-137
	android:name
		ADDED from [com.google.firebase:firebase-analytics:10.0.1] AndroidManifest.xml:25:17-89
receiver#com.google.android.gms.measurement.AppMeasurementInstallReferrerReceiver
ADDED from [com.google.firebase:firebase-analytics:10.0.1] AndroidManifest.xml:27:7-31:18
	android:enabled
		ADDED from [com.google.firebase:firebase-analytics:10.0.1] AndroidManifest.xml:27:162-184
	android:permission
		ADDED from [com.google.firebase:firebase-analytics:10.0.1] AndroidManifest.xml:27:105-161
	android:name
		ADDED from [com.google.firebase:firebase-analytics:10.0.1] AndroidManifest.xml:27:17-104
intent-filter#com.android.vending.INSTALL_REFERRER
ADDED from [com.google.firebase:firebase-analytics:10.0.1] AndroidManifest.xml:28:11-30:27
action#com.android.vending.INSTALL_REFERRER
ADDED from [com.google.firebase:firebase-analytics:10.0.1] AndroidManifest.xml:29:15-76
	android:name
		ADDED from [com.google.firebase:firebase-analytics:10.0.1] AndroidManifest.xml:29:23-74
service#com.google.android.gms.measurement.AppMeasurementService
ADDED from [com.google.firebase:firebase-analytics:10.0.1] AndroidManifest.xml:32:7-137
MERGED from [com.google.firebase:firebase-analytics-impl:10.0.1] AndroidManifest.xml:27:7-137
	android:enabled
		ADDED from [com.google.firebase:firebase-analytics:10.0.1] AndroidManifest.xml:32:88-110
	android:exported
		ADDED from [com.google.firebase:firebase-analytics:10.0.1] AndroidManifest.xml:32:111-135
	android:name
		ADDED from [com.google.firebase:firebase-analytics:10.0.1] AndroidManifest.xml:32:16-87
uses-permission#com.google.android.c2dm.permission.RECEIVE
ADDED from [com.google.firebase:firebase-iid:10.0.1] AndroidManifest.xml:22:5-81
	android:name
		ADDED from [com.google.firebase:firebase-iid:10.0.1] AndroidManifest.xml:22:22-79
permission#${applicationId}.permission.C2D_MESSAGE
ADDED from [com.google.firebase:firebase-iid:10.0.1] AndroidManifest.xml:24:5-109
	android:protectionLevel
		ADDED from [com.google.firebase:firebase-iid:10.0.1] AndroidManifest.xml:24:72-107
	android:name
		ADDED from [com.google.firebase:firebase-iid:10.0.1] AndroidManifest.xml:24:17-71
uses-permission#${applicationId}.permission.C2D_MESSAGE
ADDED from [com.google.firebase:firebase-iid:10.0.1] AndroidManifest.xml:26:5-78
	android:name
		ADDED from [com.google.firebase:firebase-iid:10.0.1] AndroidManifest.xml:26:22-76
receiver#com.google.firebase.iid.FirebaseInstanceIdReceiver
ADDED from [com.google.firebase:firebase-iid:10.0.1] AndroidManifest.xml:30:9-36:20
	android:exported
		ADDED from [com.google.firebase:firebase-iid:10.0.1] AndroidManifest.xml:30:85-108
	android:permission
		ADDED from [com.google.firebase:firebase-iid:10.0.1] AndroidManifest.xml:30:109-169
	android:name
		ADDED from [com.google.firebase:firebase-iid:10.0.1] AndroidManifest.xml:30:19-84
intent-filter#${applicationId}+com.google.android.c2dm.intent.RECEIVE+com.google.android.c2dm.intent.REGISTRATION
ADDED from [com.google.firebase:firebase-iid:10.0.1] AndroidManifest.xml:31:13-35:29
action#com.google.android.c2dm.intent.RECEIVE
ADDED from [com.google.firebase:firebase-iid:10.0.1] AndroidManifest.xml:32:17-80
	android:name
		ADDED from [com.google.firebase:firebase-iid:10.0.1] AndroidManifest.xml:32:25-78
action#com.google.android.c2dm.intent.REGISTRATION
ADDED from [com.google.firebase:firebase-iid:10.0.1] AndroidManifest.xml:33:17-85
	android:name
		ADDED from [com.google.firebase:firebase-iid:10.0.1] AndroidManifest.xml:33:25-83
category#${applicationId}
ADDED from [com.google.firebase:firebase-iid:10.0.1] AndroidManifest.xml:34:17-60
	android:name
		ADDED from [com.google.firebase:firebase-iid:10.0.1] AndroidManifest.xml:34:27-58
receiver#com.google.firebase.iid.FirebaseInstanceIdInternalReceiver
ADDED from [com.google.firebase:firebase-iid:10.0.1] AndroidManifest.xml:40:9-119
	android:exported
		ADDED from [com.google.firebase:firebase-iid:10.0.1] AndroidManifest.xml:40:93-117
	android:name
		ADDED from [com.google.firebase:firebase-iid:10.0.1] AndroidManifest.xml:40:19-92
service#com.google.firebase.iid.FirebaseInstanceIdService
ADDED from [com.google.firebase:firebase-iid:10.0.1] AndroidManifest.xml:44:9-48:19
	android:exported
		ADDED from [com.google.firebase:firebase-iid:10.0.1] AndroidManifest.xml:44:83-106
	android:name
		ADDED from [com.google.firebase:firebase-iid:10.0.1] AndroidManifest.xml:44:18-82
intent-filter#com.google.firebase.INSTANCE_ID_EVENT
ADDED from [com.google.firebase:firebase-iid:10.0.1] AndroidManifest.xml:45:13-47:29
	android:priority
		ADDED from [com.google.firebase:firebase-iid:10.0.1] AndroidManifest.xml:45:28-51
action#com.google.firebase.INSTANCE_ID_EVENT
ADDED from [com.google.firebase:firebase-iid:10.0.1] AndroidManifest.xml:46:17-79
	android:name
		ADDED from [com.google.firebase:firebase-iid:10.0.1] AndroidManifest.xml:46:25-77
activity#com.firebase.ui.auth.ui.email.ConfirmRecoverPasswordActivity
ADDED from [com.firebaseui:firebase-ui-auth:0.4.4] AndroidManifest.xml:12:9-15:20
	android:theme
		ADDED from [com.firebaseui:firebase-ui-auth:0.4.4] AndroidManifest.xml:14:13-53
	android:name
		ADDED from [com.firebaseui:firebase-ui-auth:0.4.4] AndroidManifest.xml:13:13-88
activity#com.firebase.ui.auth.ui.email.EmailHintContainerActivity
ADDED from [com.firebaseui:firebase-ui-auth:0.4.4] AndroidManifest.xml:16:9-19:20
	android:theme
		ADDED from [com.firebaseui:firebase-ui-auth:0.4.4] AndroidManifest.xml:18:13-58
	android:name
		ADDED from [com.firebaseui:firebase-ui-auth:0.4.4] AndroidManifest.xml:17:13-84
activity#com.firebase.ui.auth.ui.email.RecoverPasswordActivity
ADDED from [com.firebaseui:firebase-ui-auth:0.4.4] AndroidManifest.xml:20:9-23:20
	android:theme
		ADDED from [com.firebaseui:firebase-ui-auth:0.4.4] AndroidManifest.xml:22:13-46
	android:name
		ADDED from [com.firebaseui:firebase-ui-auth:0.4.4] AndroidManifest.xml:21:13-81
activity#com.firebase.ui.auth.ui.email.RegisterEmailActivity
ADDED from [com.firebaseui:firebase-ui-auth:0.4.4] AndroidManifest.xml:24:9-27:20
	android:theme
		ADDED from [com.firebaseui:firebase-ui-auth:0.4.4] AndroidManifest.xml:26:13-46
	android:name
		ADDED from [com.firebaseui:firebase-ui-auth:0.4.4] AndroidManifest.xml:25:13-79
activity#com.firebase.ui.auth.ui.email.SignInNoPasswordActivity
ADDED from [com.firebaseui:firebase-ui-auth:0.4.4] AndroidManifest.xml:28:9-31:20
	android:theme
		ADDED from [com.firebaseui:firebase-ui-auth:0.4.4] AndroidManifest.xml:30:13-46
	android:name
		ADDED from [com.firebaseui:firebase-ui-auth:0.4.4] AndroidManifest.xml:29:13-82
activity#com.firebase.ui.auth.ui.email.SignInActivity
ADDED from [com.firebaseui:firebase-ui-auth:0.4.4] AndroidManifest.xml:32:9-35:20
	android:theme
		ADDED from [com.firebaseui:firebase-ui-auth:0.4.4] AndroidManifest.xml:34:13-46
	android:name
		ADDED from [com.firebaseui:firebase-ui-auth:0.4.4] AndroidManifest.xml:33:13-72
activity#com.firebase.ui.auth.ui.account_link.SaveCredentialsActivity
ADDED from [com.firebaseui:firebase-ui-auth:0.4.4] AndroidManifest.xml:36:9-39:20
	android:theme
		ADDED from [com.firebaseui:firebase-ui-auth:0.4.4] AndroidManifest.xml:38:13-58
	android:name
		ADDED from [com.firebaseui:firebase-ui-auth:0.4.4] AndroidManifest.xml:37:13-88
activity#com.firebase.ui.auth.ui.account_link.AccountLinkInitActivity
ADDED from [com.firebaseui:firebase-ui-auth:0.4.4] AndroidManifest.xml:40:9-43:20
	android:theme
		ADDED from [com.firebaseui:firebase-ui-auth:0.4.4] AndroidManifest.xml:42:13-46
	android:name
		ADDED from [com.firebaseui:firebase-ui-auth:0.4.4] AndroidManifest.xml:41:13-88
activity#com.firebase.ui.auth.ui.account_link.WelcomeBackIDPPrompt
ADDED from [com.firebaseui:firebase-ui-auth:0.4.4] AndroidManifest.xml:44:9-47:20
	android:theme
		ADDED from [com.firebaseui:firebase-ui-auth:0.4.4] AndroidManifest.xml:46:13-46
	android:name
		ADDED from [com.firebaseui:firebase-ui-auth:0.4.4] AndroidManifest.xml:45:13-85
activity#com.firebase.ui.auth.ui.account_link.WelcomeBackPasswordPrompt
ADDED from [com.firebaseui:firebase-ui-auth:0.4.4] AndroidManifest.xml:48:9-51:20
	android:theme
		ADDED from [com.firebaseui:firebase-ui-auth:0.4.4] AndroidManifest.xml:50:13-46
	android:name
		ADDED from [com.firebaseui:firebase-ui-auth:0.4.4] AndroidManifest.xml:49:13-90
activity#com.firebase.ui.auth.ui.idp.AuthMethodPickerActivity
ADDED from [com.firebaseui:firebase-ui-auth:0.4.4] AndroidManifest.xml:52:9-55:20
	android:theme
		ADDED from [com.firebaseui:firebase-ui-auth:0.4.4] AndroidManifest.xml:54:13-46
	android:name
		ADDED from [com.firebaseui:firebase-ui-auth:0.4.4] AndroidManifest.xml:53:13-80
activity#com.firebase.ui.auth.ui.idp.IDPSignInContainerActivity
ADDED from [com.firebaseui:firebase-ui-auth:0.4.4] AndroidManifest.xml:56:9-59:20
	android:theme
		ADDED from [com.firebaseui:firebase-ui-auth:0.4.4] AndroidManifest.xml:58:13-58
	android:name
		ADDED from [com.firebaseui:firebase-ui-auth:0.4.4] AndroidManifest.xml:57:13-82
activity#com.firebase.ui.auth.ui.ChooseAccountActivity
ADDED from [com.firebaseui:firebase-ui-auth:0.4.4] AndroidManifest.xml:60:9-63:20
	android:theme
		ADDED from [com.firebaseui:firebase-ui-auth:0.4.4] AndroidManifest.xml:62:13-58
	android:name
		ADDED from [com.firebaseui:firebase-ui-auth:0.4.4] AndroidManifest.xml:61:13-73
activity#com.facebook.FacebookActivity
ADDED from [com.firebaseui:firebase-ui-auth:0.4.4] AndroidManifest.xml:64:9-68:61
	android:label
		ADDED from [com.firebaseui:firebase-ui-auth:0.4.4] AndroidManifest.xml:67:13-45
	android:configChanges
		ADDED from [com.firebaseui:firebase-ui-auth:0.4.4] AndroidManifest.xml:66:13-96
	android:theme
		ADDED from [com.firebaseui:firebase-ui-auth:0.4.4] AndroidManifest.xml:68:13-58
	android:name
		ADDED from [com.firebaseui:firebase-ui-auth:0.4.4] AndroidManifest.xml:65:13-57
activity#com.google.android.gms.auth.api.signin.internal.SignInHubActivity
ADDED from [com.google.android.gms:play-services-auth:10.0.1] AndroidManifest.xml:20:9-189
	android:excludeFromRecents
		ADDED from [com.google.android.gms:play-services-auth:10.0.1] AndroidManifest.xml:20:129-162
	android:exported
		ADDED from [com.google.android.gms:play-services-auth:10.0.1] AndroidManifest.xml:20:163-187
	android:theme
		ADDED from [com.google.android.gms:play-services-auth:10.0.1] AndroidManifest.xml:20:69-128
	android:name
		ADDED from [com.google.android.gms:play-services-auth:10.0.1] AndroidManifest.xml:20:19-68
service#com.google.android.gms.auth.api.signin.RevocationBoundService
ADDED from [com.google.android.gms:play-services-auth:10.0.1] AndroidManifest.xml:24:9-184
	android:exported
		ADDED from [com.google.android.gms:play-services-auth:10.0.1] AndroidManifest.xml:24:64-87
	android:permission
		ADDED from [com.google.android.gms:play-services-auth:10.0.1] AndroidManifest.xml:24:88-182
	android:name
		ADDED from [com.google.android.gms:play-services-auth:10.0.1] AndroidManifest.xml:24:18-63
activity#com.google.android.gms.common.api.GoogleApiActivity
ADDED from [com.google.android.gms:play-services-base:10.0.1] AndroidManifest.xml:19:9-172
	android:exported
		ADDED from [com.google.android.gms:play-services-base:10.0.1] AndroidManifest.xml:19:146-170
	android:theme
		ADDED from [com.google.android.gms:play-services-base:10.0.1] AndroidManifest.xml:19:86-145
	android:name
		ADDED from [com.google.android.gms:play-services-base:10.0.1] AndroidManifest.xml:19:19-85
provider#com.google.firebase.provider.FirebaseInitProvider
ADDED from [com.google.firebase:firebase-common:10.0.1] AndroidManifest.xml:6:9-194
	android:authorities
		ADDED from [com.google.firebase:firebase-common:10.0.1] AndroidManifest.xml:6:19-78
	android:exported
		ADDED from [com.google.firebase:firebase-common:10.0.1] AndroidManifest.xml:6:144-168
	android:initOrder
		ADDED from [com.google.firebase:firebase-common:10.0.1] AndroidManifest.xml:6:169-192
	android:name
		ADDED from [com.google.firebase:firebase-common:10.0.1] AndroidManifest.xml:6:79-143